<?xml version="1.0"?>
<!DOCTYPE coverage SYSTEM "http://cobertura.sourceforge.net/xml/coverage-04.dtd">

<coverage line-rate="0.6923076923076923" branch-rate="0.5" lines-covered="9" lines-valid="13" branches-covered="1" branches-valid="2" complexity="1.25" version="2.1.1" timestamp="1520326058013">
	<sources>
		<source>--source</source>
		<source>/Users/ironman/IdeaProjects/toystore/src/main/java</source>
	</sources>
	<packages>
		<package name="toystore" line-rate="0.3333333333333333" branch-rate="1.0" complexity="1.0">
			<classes>
				<class name="toystore.ToyStoreApplication" filename="toystore/ToyStoreApplication.java" line-rate="0.3333333333333333" branch-rate="1.0" complexity="1.0">
					<methods>
						<method name="&lt;init&gt;" signature="()V" line-rate="1.0" branch-rate="1.0" complexity="0">
							<lines>
								<line number="7" hits="1" branch="false"/>
							</lines>
						</method>
						<method name="main" signature="([Ljava/lang/String;)V" line-rate="0.0" branch-rate="1.0" complexity="0">
							<lines>
								<line number="10" hits="0" branch="false"/>
								<line number="11" hits="0" branch="false"/>
							</lines>
						</method>
					</methods>
					<lines>
						<line number="7" hits="1" branch="false"/>
						<line number="10" hits="0" branch="false"/>
						<line number="11" hits="0" branch="false"/>
					</lines>
				</class>
			</classes>
		</package>
		<package name="toystore.controller" line-rate="0.8" branch-rate="0.5" complexity="2.0">
			<classes>
				<class name="toystore.controller.HelloController" filename="toystore/controller/HelloController.java" line-rate="0.8" branch-rate="0.5" complexity="2.0">
					<methods>
						<method name="&lt;init&gt;" signature="()V" line-rate="1.0" branch-rate="1.0" complexity="0">
							<lines>
								<line number="10" hits="1" branch="false"/>
							</lines>
						</method>
						<method name="sayHi" signature="(Ljava/lang/String;)Ltoystore/domain/Hello;" line-rate="0.75" branch-rate="0.5" complexity="0">
							<lines>
								<line number="17" hits="1" branch="true" condition-coverage="50% (1/2)">
									<conditions>
										<condition number="0" type="jump" coverage="50%"/>
									</conditions>
								</line>
								<line number="18" hits="0" branch="false"/>
								<line number="21" hits="1" branch="false"/>
								<line number="22" hits="1" branch="false"/>
							</lines>
						</method>
					</methods>
					<lines>
						<line number="10" hits="1" branch="false"/>
						<line number="17" hits="1" branch="true" condition-coverage="50% (1/2)">
							<conditions>
								<condition number="0" type="jump" coverage="50%"/>
							</conditions>
						</line>
						<line number="18" hits="0" branch="false"/>
						<line number="21" hits="1" branch="false"/>
						<line number="22" hits="1" branch="false"/>
					</lines>
				</class>
			</classes>
		</package>
		<package name="toystore.domain" line-rate="1.0" branch-rate="1.0" complexity="1.0">
			<classes>
				<class name="toystore.domain.Hello" filename="toystore/domain/Hello.java" line-rate="1.0" branch-rate="1.0" complexity="1.0">
					<methods>
						<method name="&lt;init&gt;" signature="(Ljava/lang/String;)V" line-rate="1.0" branch-rate="1.0" complexity="0">
							<lines>
								<line number="6" hits="2" branch="false"/>
								<line number="7" hits="2" branch="false"/>
								<line number="8" hits="2" branch="false"/>
							</lines>
						</method>
						<method name="getMessage" signature="()Ljava/lang/String;" line-rate="1.0" branch-rate="1.0" complexity="0">
							<lines>
								<line number="11" hits="2" branch="false"/>
							</lines>
						</method>
					</methods>
					<lines>
						<line number="6" hits="2" branch="false"/>
						<line number="7" hits="2" branch="false"/>
						<line number="8" hits="2" branch="false"/>
						<line number="11" hits="2" branch="false"/>
					</lines>
				</class>
			</classes>
		</package>
		<package name="toystore.respository" line-rate="0.0" branch-rate="1.0" complexity="0.0">
			<classes>
				<class name="toystore.respository.Person" filename="toystore/respository/Person.java" line-rate="0.0" branch-rate="1.0" complexity="0.0">
					<methods>
						<method name="&lt;init&gt;" signature="()V" line-rate="0.0" branch-rate="1.0" complexity="0">
							<lines>
								<line number="10" hits="0" branch="false"/>
							</lines>
						</method>
					</methods>
					<lines>
						<line number="10" hits="0" branch="false"/>
					</lines>
				</class>
			</classes>
		</package>
	</packages>
</coverage>
